<?xml version="1.0" encoding="UTF-8"?>
<!-- Generated by org.testng.reporters.JUnitXMLReporter -->
<testsuite ignored="6" hostname="DESKTOP-E7FOCSH" failures="0" tests="1" name="Default test" time="24.926" errors="0" timestamp="2022-07-06T17:38:09 IST">
  <testcase classname="com.qa.Tests.Test1" name="change_Language" time="7.612"/>
  <testcase classname="com.qa.Tests.Test1" name="click_on_Web_Sotries" time="0.0">
    <ignored/>
  </testcase> <!-- click_on_Web_Sotries -->
  <testcase classname="com.qa.Tests.Test1" name="verify_Links_Are_Not_Broken_On_Third_Page" time="0.0">
    <ignored/>
  </testcase> <!-- verify_Links_Are_Not_Broken_On_Third_Page -->
  <testcase classname="com.qa.Tests.Test1" name="click_on_next_WebStory_and_Return_on_HomePage" time="0.0">
    <ignored/>
  </testcase> <!-- click_on_next_WebStory_and_Return_on_HomePage -->
  <testcase classname="com.qa.Tests.Test1" name="capture_The_Text_From_each_WebStory" time="0.0">
    <ignored/>
  </testcase> <!-- capture_The_Text_From_each_WebStory -->
  <testcase classname="com.qa.Tests.Test1" name="change_Theme" time="0.0">
    <ignored/>
  </testcase> <!-- change_Theme -->
  <testcase classname="com.qa.Tests.Test1" name="verify_Links_Are_Not_Broken_On_HomePage" time="0.0">
    <ignored/>
  </testcase> <!-- verify_Links_Are_Not_Broken_On_HomePage -->
</testsuite> <!-- Default test -->
