<?xml version="1.0" encoding="UTF-8"?>
<!-- Generated by org.testng.reporters.JUnitXMLReporter -->
<testsuite ignored="0" hostname="DESKTOP-E7FOCSH" failures="0" tests="7" name="Test" time="173.354" errors="0" timestamp="2022-07-06T17:42:04 IST">
  <testcase classname="com.qa.Tests.Test1" name="change_Language" time="7.14"/>
  <testcase classname="com.qa.Tests.Test1" name="verify_Links_Are_Not_Broken_On_HomePage" time="27.876"/>
  <testcase classname="com.qa.Tests.Test1" name="verify_Links_Are_Not_Broken_On_Third_Page" time="9.26"/>
  <testcase classname="com.qa.Tests.Test1" name="change_Theme" time="0.662"/>
  <testcase classname="com.qa.Tests.Test1" name="click_on_Web_Sotries" time="6.91"/>
  <testcase classname="com.qa.Tests.Test1" name="capture_The_Text_From_each_WebStory" time="4.342"/>
  <testcase classname="com.qa.Tests.Test1" name="click_on_next_WebStory_and_Return_on_HomePage" time="4.621"/>
</testsuite> <!-- Test -->
